0 info it worked if it ends with ok
<<<<<<< HEAD
1 verbose cli [ '/usr/local/bin/node', '/usr/local/bin/npm', 'install' ]
=======
1 verbose cli [ '/usr/local/bin/node',
1 verbose cli   '/usr/local/bin/npm',
1 verbose cli   'install',
1 verbose cli   '-g',
1 verbose cli   'grunt-cli' ]
>>>>>>> master
2 info using npm@3.5.4
3 info using node@v5.4.0
4 verbose stack Error: Cannot find module 'read-package-json'
4 verbose stack     at Function.Module._resolveFilename (module.js:326:15)
4 verbose stack     at Function.Module._load (module.js:277:25)
4 verbose stack     at Module.require (module.js:354:17)
4 verbose stack     at require (internal/module.js:12:17)
4 verbose stack     at Object.<anonymous> (/usr/local/lib/node_modules/npm/node_modules/read-package-tree/rpt.js:2:11)
4 verbose stack     at Module._compile (module.js:398:26)
4 verbose stack     at Object.Module._extensions..js (module.js:405:10)
4 verbose stack     at Module.load (module.js:344:32)
4 verbose stack     at Function.Module._load (module.js:301:12)
4 verbose stack     at Module.require (module.js:354:17)
4 verbose stack     at require (internal/module.js:12:17)
5 verbose cwd /Users/israelgasperinhaaz/MAMP/htdocs/zentrelaMonitor
6 error Darwin 14.5.0
<<<<<<< HEAD
7 error argv "/usr/local/bin/node" "/usr/local/bin/npm" "install"
=======
7 error argv "/usr/local/bin/node" "/usr/local/bin/npm" "install" "-g" "grunt-cli"
>>>>>>> master
8 error node v5.4.0
9 error npm  v3.5.4
10 error code MODULE_NOT_FOUND
11 error Cannot find module 'read-package-json'
12 error If you need help, you may report this error at:
12 error     <https://github.com/npm/npm/issues>
13 verbose exit [ 1, true ]
